{"name":"CheckingLetter","testCaseName":"tests.GmailLoginTest","testSteps":[{"number":1,"description":"Open Gmail Page Step","duration":62,"startTime":1445607947921,"exception":{"errorType":"net.thucydides.core.pages.WrongPageError","message":"The page object class pages.GmailLoginPage looks dodgy:\nFailed to instantiate page (net.thucydides.core.webdriver.UnsupportedDriverException: Could not instantiate class org.openqa.selenium.chrome.ChromeDriver)","stackTrace":[{"methodName":"gmailLoginPage","fileName":"LetterSteps.java","lineNumber":59,"className":"steps.LetterSteps"},{"methodName":"openGmail","fileName":"LetterSteps.java","lineNumber":64,"className":"steps.LetterSteps"},{"methodName":"myTest","fileName":"GmailLoginTest.java","lineNumber":42,"className":"tests.GmailLoginTest"}]},"result":"FAILURE"},{"number":2,"description":"Login: <span class='step-parameter'>testmail8601, qqqqqqqqqqq, testmail8601@gmail.com</span>","duration":15,"startTime":1445607947986,"result":"SKIPPED"},{"number":3,"description":"Open letter: <span class='step-parameter'>TRETYAK Roman</span>","duration":17,"startTime":1445607948004,"result":"SKIPPED"},{"number":4,"description":"Check letter content: <span class='step-parameter'>TRETYAK Roman, Hello World, Automation Test</span>","duration":11,"startTime":1445607948037,"result":"SKIPPED"}],"userStory":{"id":"requirements.Application.GmailLetterCheck.LetterCheck","storyName":"Letter check","storyClassName":"requirements.Application$GmailLetterCheck$LetterCheck","path":"requirements.Application.GmailLetterCheck","feature":{"id":"requirements.Application.GmailLetterCheck","name":"Gmail letter check"},"type":"story"},"title":"CheckingLetter","tags":[{"name":"Letter check","type":"story"},{"name":"Letter","type":"feature"},{"name":"Gmail letter check","type":"feature"}],"startTime":1445607947859,"duration":191,"testFailureCause":{"errorType":"net.thucydides.core.pages.WrongPageError","message":"The page object class pages.GmailLoginPage looks dodgy:\nFailed to instantiate page (net.thucydides.core.webdriver.UnsupportedDriverException: Could not instantiate class org.openqa.selenium.chrome.ChromeDriver)","stackTrace":[{"methodName":"gmailLoginPage","fileName":"LetterSteps.java","lineNumber":59,"className":"steps.LetterSteps"},{"methodName":"openGmail","fileName":"LetterSteps.java","lineNumber":64,"className":"steps.LetterSteps"},{"methodName":"myTest","fileName":"GmailLoginTest.java","lineNumber":42,"className":"tests.GmailLoginTest"}]},"testFailureClassname":"net.thucydides.core.pages.WrongPageError","testFailureMessage":"The page object class pages.GmailLoginPage looks dodgy:\nFailed to instantiate page (net.thucydides.core.webdriver.UnsupportedDriverException: Could not instantiate class org.openqa.selenium.chrome.ChromeDriver)","annotatedResult":"FAILURE","manual":false,"result":"FAILURE","feature":{"id":"requirements.Application.GmailLetterCheck","name":"Gmail letter check"}}