<acceptance-test-run title="CheckingLetter" name="CheckingLetter" steps="4" successful="0" failures="1" skipped="3" ignored="0" pending="0" annotated-result="FAILURE" result="FAILURE" duration="191" timestamp="2015-10-23T16:45:47.859+03:00">
  <user-story id="requirements.Application.GmailLetterCheck.LetterCheck" name="Letter check" path="requirements.Application.GmailLetterCheck">
    <feature id="requirements.Application.GmailLetterCheck" name="Gmail letter check"/>
  </user-story>
  <tags>
    <tag name="Gmail letter check" type="feature"/>
    <tag name="Letter" type="feature"/>
    <tag name="Letter check" type="story"/>
  </tags>
  <test-step result="FAILURE" duration="62">
    <description>Open Gmail Page Step</description>
    <error>The page object class pages.GmailLoginPage looks dodgy:
Failed to instantiate page (net.thucydides.core.webdriver.UnsupportedDriverException: Could not instantiate class org.openqa.selenium.chrome.ChromeDriver)</error>
    <exception>net.thucydides.core.pages.WrongPageError:The page object class pages.GmailLoginPage looks dodgy:
Failed to instantiate page (net.thucydides.core.webdriver.UnsupportedDriverException: Could not instantiate class org.openqa.selenium.chrome.ChromeDriver)&#xd;
[steps.LetterSteps.gmailLoginPage(LetterSteps.java:59), steps.LetterSteps.openGmail(LetterSteps.java:64), tests.GmailLoginTest.myTest(GmailLoginTest.java:42)]</exception>
  </test-step>
  <test-step result="SKIPPED" duration="15">
    <description>Login: &lt;span class=&apos;step-parameter&apos;&gt;testmail8601, qqqqqqqqqqq, testmail8601@gmail.com&lt;/span&gt;</description>
  </test-step>
  <test-step result="SKIPPED" duration="17">
    <description>Open letter: &lt;span class=&apos;step-parameter&apos;&gt;TRETYAK Roman&lt;/span&gt;</description>
  </test-step>
  <test-step result="SKIPPED" duration="11">
    <description>Check letter content: &lt;span class=&apos;step-parameter&apos;&gt;TRETYAK Roman, Hello World, Automation Test&lt;/span&gt;</description>
  </test-step>
</acceptance-test-run>